<?xml version="1.0" encoding="UTF-8"?>
<!-- Generated by org.testng.reporters.JUnitXMLReporter -->
<testsuite ignored="0" hostname="DESKTOP-COFDFM7" failures="0" tests="2" name="Default test" time="13.222" errors="0" timestamp="2024-01-13T21:22:54 IST">
  <testcase classname="testCases.RegisterTestCases" name="verifyRegistrationWithBlankData" time="3.93"/>
  <testcase classname="testCases.RegisterTestCases" name="verifyRegistrationwithInValidData" time="3.505"/>
</testsuite> <!-- Default test -->
