<?xml version="1.0" encoding="UTF-8"?>
<!-- Generated by org.testng.reporters.JUnitXMLReporter -->
<testsuite ignored="1" hostname="DESKTOP-COFDFM7" failures="0" tests="2" name="Test" time="19.647" errors="0" timestamp="2024-01-13T21:00:22 IST">
  <testcase classname="testCases.LoginTestCases" name="invalidLoginTest" time="3.987"/>
  <testcase classname="testCases.RegisterTestCases" name="verifyRegistrationWithBlankData" time="4.525"/>
  <testcase classname="testCases.RegisterTestCases" name="verifyRegistrationwithInValidData" time="0.0">
    <ignored/>
  </testcase> <!-- verifyRegistrationwithInValidData -->
</testsuite> <!-- Test -->
