<?xml version="1.0" encoding="UTF-8"?>
<testng-results ignored="0" total="2" passed="2" failed="0" skipped="0">
  <reporter-output>
  </reporter-output>
  <suite started-at="2024-01-13T21:22:41 IST" name="Default suite" finished-at="2024-01-13T21:22:54 IST" duration-ms="13222">
    <groups>
    </groups>
    <test started-at="2024-01-13T21:22:41 IST" name="Default test" finished-at="2024-01-13T21:22:54 IST" duration-ms="13222">
      <class name="testCases.RegisterTestCases">
        <test-method is-config="true" signature="launchBrowser()[pri:0, instance:testCases.RegisterTestCases@74751b3]" started-at="2024-01-13T21:22:41 IST" name="launchBrowser" finished-at="2024-01-13T21:22:47 IST" duration-ms="5748" status="PASS">
          <reporter-output>
          </reporter-output>
        </test-method> <!-- launchBrowser -->
        <test-method signature="verifyRegistrationWithBlankData()[pri:0, instance:testCases.RegisterTestCases@74751b3]" started-at="2024-01-13T21:22:47 IST" name="verifyRegistrationWithBlankData" finished-at="2024-01-13T21:22:51 IST" duration-ms="3930" status="PASS">
          <reporter-output>
          </reporter-output>
        </test-method> <!-- verifyRegistrationWithBlankData -->
        <test-method signature="verifyRegistrationwithInValidData()[pri:0, instance:testCases.RegisterTestCases@74751b3]" started-at="2024-01-13T21:22:51 IST" name="verifyRegistrationwithInValidData" finished-at="2024-01-13T21:22:54 IST" duration-ms="3505" status="PASS">
          <reporter-output>
          </reporter-output>
        </test-method> <!-- verifyRegistrationwithInValidData -->
      </class> <!-- testCases.RegisterTestCases -->
    </test> <!-- Default test -->
  </suite> <!-- Default suite -->
</testng-results>
